#-----------------------------------------------------------
# PlanAhead v14.7 (64-bit)
# Build 321239 by xbuild on Fri Sep 27 19:29:51 MDT 2013
# Start of session at: Sun Jul 03 12:30:34 2016
# Process ID: 10800
# Log file: C:/Users/kia/Dropbox/Progetto_fanucci/xinlix/planAhead_run_2/planAhead.log
# Journal file: C:/Users/kia/Dropbox/Progetto_fanucci/xinlix/planAhead_run_2/planAhead.jou
#-----------------------------------------------------------
INFO: [Common 17-78] Attempting to get a license: PlanAhead
INFO: [Common 17-290] Got license for PlanAhead
INFO: [Device 21-36] Loading parts and site information from C:/Xilinx/14.7/ISE_DS/PlanAhead/data/parts/arch.xml
Parsing RTL primitives file [C:/Xilinx/14.7/ISE_DS/PlanAhead/data/parts/xilinx/rtl/prims/rtl_prims.xml]
Finished parsing RTL primitives file [C:/Xilinx/14.7/ISE_DS/PlanAhead/data/parts/xilinx/rtl/prims/rtl_prims.xml]
start_gui
source C:/Users/kia/Dropbox/Progetto_fanucci/xinlix/pa.fromHdl.tcl
# create_project -name interleaver -dir "C:/Users/kia/Dropbox/Progetto_fanucci/xinlix/planAhead_run_2" -part xc7z010clg400-3
# set_param project.pinAheadLayout yes
# set srcset [get_property srcset [current_run -impl]]
# set_property target_constrs_file "interleaver.ucf" [current_fileset -constrset]
Adding file 'C:/Users/kia/Dropbox/Progetto_fanucci/xinlix/interleaver.ucf' to fileset 'constrs_1'
# set hdlfile [add_files [list {../interleaver/interleaver/src/interleaver.vhd}]]
# set_property file_type VHDL $hdlfile
# set_property library work $hdlfile
# set_property top interleaver $srcset
# add_files [list {interleaver.ucf}] -fileset [get_property constrset [current_run]]
# open_rtl_design -part xc7z010clg400-3
Using Verific elaboration
Parsing VHDL file "C:/Xilinx/14.7/ISE_DS/PlanAhead/data/parts/xilinx/rtl/lib/synplify/synattr.vhd" into library synplify
Parsing VHDL file "C:/Xilinx/14.7/ISE_DS/PlanAhead/data/parts/xilinx/rtl/lib/synplify/synattr.vhd" into library synplify
Parsing VHDL file "C:/Users/kia/Dropbox/Progetto_fanucci/interleaver/interleaver/src/interleaver.vhd" into library work
Loading clock regions from C:/Xilinx/14.7/ISE_DS/PlanAhead/data\parts/xilinx/zynq/zynq/xc7z010/ClockRegion.xml
Loading clock buffers from C:/Xilinx/14.7/ISE_DS/PlanAhead/data\parts/xilinx/zynq/zynq/xc7z010/ClockBuffers.xml
Loading clock placement rules from C:/Xilinx/14.7/ISE_DS/PlanAhead/data/parts/xilinx/zynq/ClockPlacerRules.xml
Loading package pin functions from C:/Xilinx/14.7/ISE_DS/PlanAhead/data\parts/xilinx/zynq/PinFunctions.xml...
Loading package from C:/Xilinx/14.7/ISE_DS/PlanAhead/data\parts/xilinx/zynq/zynq/xc7z010/clg400/Package.xml
Loading io standards from C:/Xilinx/14.7/ISE_DS/PlanAhead/data\./parts/xilinx/zynq/IOStandards.xml
Loading list of drcs for the architecture : C:/Xilinx/14.7/ISE_DS/PlanAhead/data\./parts/xilinx/zynq/drc.xml
Parsing UCF File [C:/Users/kia/Dropbox/Progetto_fanucci/xinlix/interleaver.ucf]
Finished Parsing UCF File [C:/Users/kia/Dropbox/Progetto_fanucci/xinlix/interleaver.ucf]
INFO: [Project 1-111] Unisim Transformation Summary:
No Unisim elements were transformed.

Phase 0 | Netlist Checksum: 116869fd
open_rtl_design: Time (s): elapsed = 00:00:27 . Memory (MB): peak = 776.059 ; gain = 370.117
update_compile_order -fileset sim_1
exit
ERROR: [PlanAhead 12-106] *** Exception: ui.h.b: Found deleted key in HTclEventBroker. Verify if the classes listed here call cleanup()
HTclEvent: SIGNAL_MODIFY   Classes: ui.views.aR 
HTclEvent: SIGNAL_BUS_MODIFY   Classes: ui.views.aR 
HTclEvent: DEBUG_PORT_CONFIG_CHANGE   Classes: ui.views.aR 
HTclEvent: DEBUG_CORE_CONFIG_CHANGE   Classes: ui.views.aR 
 (See C:/Users/kia/Dropbox/Progetto_fanucci/xinlix\planAhead_pid10800.debug)
ERROR: [Common 17-39] 'stop_gui' failed due to earlier errors.
INFO: [Common 17-206] Exiting PlanAhead at Sun Jul 03 12:31:42 2016...
INFO: [Common 17-83] Releasing license: PlanAhead
